<?xml version="1.0" encoding="UTF-8"?>
<!-- Generated by org.testng.reporters.JUnitReportReporter -->
<testsuite skipped="0" hostname="DESKTOP-N60QB27" name="coding.Test4" tests="1" failures="0" timestamp="2022-12-17T10:33:00 IST" time="25.506" errors="0">
  <testcase name="test2" time="25.506" classname="coding.Test4"/>
  <system-out/>
</testsuite> <!-- coding.Test4 -->
