<?xml version="1.0" encoding="UTF-8"?>
<!-- Generated by org.testng.reporters.JUnitReportReporter -->
<testsuite skipped="0" hostname="DESKTOP-N60QB27" name="coding.Launch1" tests="1" failures="0" timestamp="2022-12-17T10:03:12 IST" time="36.966" errors="0">
  <testcase name="launch" time="36.966" classname="coding.Launch1"/>
  <system-out/>
</testsuite> <!-- coding.Launch1 -->
