<?xml version="1.0" encoding="UTF-8"?>
<!-- Generated by org.testng.reporters.JUnitReportReporter -->
<testsuite skipped="0" hostname="DESKTOP-N60QB27" name="coding.Test2" tests="1" failures="0" timestamp="2022-12-17T10:08:34 IST" time="11.701" errors="0">
  <testcase name="test2" time="11.701" classname="coding.Test2"/>
  <system-out/>
</testsuite> <!-- coding.Test2 -->
